<?xml version="1.0" encoding="UTF-8"?>
<testsuite xmlns:xsi="http://www.w3.org/2001/XMLSchema-instance" xsi:noNamespaceSchemaLocation="https://maven.apache.org/surefire/maven-surefire-plugin/xsd/surefire-test-report.xsd" name="com.ucd.micro.monitor.MonitorApplicationTests" time="6.077" tests="1" errors="1" skipped="0" failures="0">
  <properties>
[...]
</properties>
  <testcase name="contextLoads" classname="com.ucd.micro.monitor.MonitorApplicationTests" time="0.001">
    <error message="Failed to load ApplicationContext" type="java.lang.IllegalStateException">java.lang.IllegalStateException: Failed to load ApplicationContext
Caused by: java.lang.IllegalStateException: 
Logback configuration error detected: 
ERROR in ch.qos.logback.core.rolling.RollingFileAppender[DEBUG] - Failed to create parent directories for [/data/logs/debug.log]
ERROR in ch.qos.logback.core.rolling.RollingFileAppender[DEBUG] - openFile(/data/logs/debug.log,true) call failed. java.io.FileNotFoundException: /data/logs/debug.log (No such file or directory)
ERROR in ch.qos.logback.core.rolling.RollingFileAppender[INFO] - Failed to create parent directories for [/data/logs/info.log]
ERROR in ch.qos.logback.core.rolling.RollingFileAppender[INFO] - openFile(/data/logs/info.log,true) call failed. java.io.FileNotFoundException: /data/logs/info.log (No such file or directory)
ERROR in ch.qos.logback.core.rolling.RollingFileAppender[ERROR] - Failed to create parent directories for [/data/logs/error.log]
ERROR in ch.qos.logback.core.rolling.RollingFileAppender[ERROR] - openFile(/data/logs/error.log,true) call failed. java.io.FileNotFoundException: /data/logs/error.log (No such file or directory)
ERROR in ch.qos.logback.core.rolling.RollingFileAppender[perf4jFileAppender] - Failed to create parent directories for [/data/logs/perf4j.log]
ERROR in ch.qos.logback.core.rolling.RollingFileAppender[perf4jFileAppender] - openFile(/data/logs/perf4j.log,true) call failed. java.io.FileNotFoundException: /data/logs/perf4j.log (No such file or directory)
</error>
    <system-out><![CDATA[19:54:25,865 |-INFO in ch.qos.logback.classic.LoggerContext[default] - Could NOT find resource [logback-test.xml]
19:54:25,866 |-INFO in ch.qos.logback.classic.LoggerContext[default] - Could NOT find resource [logback.groovy]
19:54:25,868 |-INFO in ch.qos.logback.classic.LoggerContext[default] - Found resource [logback.xml] at [jar:file:/Users/crayon/Java/apache-maven-3.6.2/repository/com/github/0312birdzhang/Zabbix4j/0.1.9/Zabbix4j-0.1.9.jar!/logback.xml]
19:54:25,936 |-INFO in ch.qos.logback.core.joran.spi.ConfigurationWatchList@2c35e847 - URL [jar:file:/Users/crayon/Java/apache-maven-3.6.2/repository/com/github/0312birdzhang/Zabbix4j/0.1.9/Zabbix4j-0.1.9.jar!/logback.xml] is not of type file
19:54:26,166 |-INFO in ch.qos.logback.classic.joran.action.ConfigurationAction - debug attribute not set
19:54:26,181 |-INFO in ch.qos.logback.core.joran.action.TimestampAction - Using current interpretation time, i.e. now, as time reference.
19:54:26,235 |-INFO in ch.qos.logback.core.joran.action.TimestampAction - Adding property to the context with key="byDate" and value="20200209" to the LOCAL scope
19:54:26,235 |-INFO in ch.qos.logback.core.joran.action.AppenderAction - About to instantiate appender of type [ch.qos.logback.core.ConsoleAppender]
19:54:26,244 |-INFO in ch.qos.logback.core.joran.action.AppenderAction - Naming appender as [STDOUT1]
19:54:26,317 |-WARN in ch.qos.logback.core.ConsoleAppender[STDOUT1] - This appender no longer admits a layout as a sub-component, set an encoder instead.
19:54:26,317 |-WARN in ch.qos.logback.core.ConsoleAppender[STDOUT1] - To ensure compatibility, wrapping your layout in LayoutWrappingEncoder.
19:54:26,317 |-WARN in ch.qos.logback.core.ConsoleAppender[STDOUT1] - See also http://logback.qos.ch/codes.html#layoutInsteadOfEncoder for details
19:54:26,318 |-INFO in ch.qos.logback.core.joran.action.AppenderAction - About to instantiate appender of type [ch.qos.logback.core.rolling.RollingFileAppender]
19:54:26,328 |-INFO in ch.qos.logback.core.joran.action.AppenderAction - Naming appender as [DEBUG]
19:54:26,348 |-INFO in c.q.l.core.rolling.TimeBasedRollingPolicy@2077528955 - Will use zip compression
19:54:26,350 |-INFO in c.q.l.core.rolling.TimeBasedRollingPolicy@2077528955 - Will use the pattern /data/logs/history/debug.%d{yyyy-MM-dd} for the active file
19:54:26,357 |-INFO in c.q.l.core.rolling.DefaultTimeBasedFileNamingAndTriggeringPolicy - The date pattern is 'yyyy-MM-dd' from file name pattern '/data/logs/history/debug.%d{yyyy-MM-dd}.zip'.
19:54:26,357 |-INFO in c.q.l.core.rolling.DefaultTimeBasedFileNamingAndTriggeringPolicy - Roll-over at midnight.
19:54:26,379 |-INFO in c.q.l.core.rolling.DefaultTimeBasedFileNamingAndTriggeringPolicy - Setting initial period to Sun Feb 09 19:54:26 CST 2020
19:54:26,380 |-INFO in ch.qos.logback.core.joran.action.NestedComplexPropertyIA - Assuming default type [ch.qos.logback.classic.encoder.PatternLayoutEncoder] for [encoder] property
19:54:26,383 |-INFO in ch.qos.logback.core.rolling.RollingFileAppender[DEBUG] - Active log file name: /data/logs/debug.log
19:54:26,383 |-INFO in ch.qos.logback.core.rolling.RollingFileAppender[DEBUG] - File property is set to [/data/logs/debug.log]
19:54:26,386 |-ERROR in ch.qos.logback.core.rolling.RollingFileAppender[DEBUG] - Failed to create parent directories for [/data/logs/debug.log]
19:54:26,387 |-ERROR in ch.qos.logback.core.rolling.RollingFileAppender[DEBUG] - openFile(/data/logs/debug.log,true) call failed. java.io.FileNotFoundException: /data/logs/debug.log (No such file or directory)
	at java.io.FileNotFoundException: /data/logs/debug.log (No such file or directory)
	at 	at java.base/java.io.FileOutputStream.open0(Native Method)
	at 	at java.base/java.io.FileOutputStream.open(FileOutputStream.java:298)
	at 	at java.base/java.io.FileOutputStream.<init>(FileOutputStream.java:237)
	at 	at ch.qos.logback.core.recovery.ResilientFileOutputStream.<init>(ResilientFileOutputStream.java:26)
	at 	at ch.qos.logback.core.FileAppender.openFile(FileAppender.java:204)
	at 	at ch.qos.logback.core.FileAppender.start(FileAppender.java:127)
	at 	at ch.qos.logback.core.rolling.RollingFileAppender.start(RollingFileAppender.java:100)
	at 	at ch.qos.logback.core.joran.action.AppenderAction.end(AppenderAction.java:90)
	at 	at ch.qos.logback.core.joran.spi.Interpreter.callEndAction(Interpreter.java:309)
	at 	at ch.qos.logback.core.joran.spi.Interpreter.endElement(Interpreter.java:193)
	at 	at ch.qos.logback.core.joran.spi.Interpreter.endElement(Interpreter.java:179)
	at 	at ch.qos.logback.core.joran.spi.EventPlayer.play(EventPlayer.java:62)
	at 	at ch.qos.logback.core.joran.GenericConfigurator.doConfigure(GenericConfigurator.java:165)
	at 	at ch.qos.logback.core.joran.GenericConfigurator.doConfigure(GenericConfigurator.java:152)
	at 	at ch.qos.logback.core.joran.GenericConfigurator.doConfigure(GenericConfigurator.java:110)
	at 	at ch.qos.logback.core.joran.GenericConfigurator.doConfigure(GenericConfigurator.java:53)
	at 	at ch.qos.logback.classic.util.ContextInitializer.configureByResource(ContextInitializer.java:75)
	at 	at ch.qos.logback.classic.util.ContextInitializer.autoConfig(ContextInitializer.java:150)
	at 	at org.slf4j.impl.StaticLoggerBinder.init(StaticLoggerBinder.java:84)
	at 	at org.slf4j.impl.StaticLoggerBinder.<clinit>(StaticLoggerBinder.java:55)
	at 	at org.slf4j.LoggerFactory.bind(LoggerFactory.java:150)
	at 	at org.slf4j.LoggerFactory.performInitialization(LoggerFactory.java:124)
	at 	at org.slf4j.LoggerFactory.getILoggerFactory(LoggerFactory.java:412)
	at 	at org.slf4j.LoggerFactory.getLogger(LoggerFactory.java:357)
	at 	at org.apache.commons.logging.LogAdapter$Slf4jAdapter.createLocationAwareLog(LogAdapter.java:130)
	at 	at org.apache.commons.logging.LogAdapter.createLog(LogAdapter.java:91)
	at 	at org.apache.commons.logging.LogFactory.getLog(LogFactory.java:67)
	at 	at org.apache.commons.logging.LogFactory.getLog(LogFactory.java:59)
	at 	at org.springframework.test.context.junit4.SpringJUnit4ClassRunner.<clinit>(SpringJUnit4ClassRunner.java:99)
	at 	at java.base/jdk.internal.reflect.NativeConstructorAccessorImpl.newInstance0(Native Method)
	at 	at java.base/jdk.internal.reflect.NativeConstructorAccessorImpl.newInstance(NativeConstructorAccessorImpl.java:62)
	at 	at java.base/jdk.internal.reflect.DelegatingConstructorAccessorImpl.newInstance(DelegatingConstructorAccessorImpl.java:45)
	at 	at java.base/java.lang.reflect.Constructor.newInstance(Constructor.java:490)
	at 	at org.junit.internal.builders.AnnotatedBuilder.buildRunner(AnnotatedBuilder.java:104)
	at 	at org.junit.internal.builders.AnnotatedBuilder.runnerForClass(AnnotatedBuilder.java:86)
	at 	at org.junit.runners.model.RunnerBuilder.safeRunnerForClass(RunnerBuilder.java:59)
	at 	at org.junit.internal.builders.AllDefaultPossibilitiesBuilder.runnerForClass(AllDefaultPossibilitiesBuilder.java:26)
	at 	at org.junit.runners.model.RunnerBuilder.safeRunnerForClass(RunnerBuilder.java:59)
	at 	at org.junit.internal.requests.ClassRequest.getRunner(ClassRequest.java:33)
	at 	at org.apache.maven.surefire.junit4.JUnit4Provider.execute(JUnit4Provider.java:362)
	at 	at org.apache.maven.surefire.junit4.JUnit4Provider.executeWithRerun(JUnit4Provider.java:273)
	at 	at org.apache.maven.surefire.junit4.JUnit4Provider.executeTestSet(JUnit4Provider.java:238)
	at 	at org.apache.maven.surefire.junit4.JUnit4Provider.invoke(JUnit4Provider.java:159)
	at 	at org.apache.maven.surefire.booter.ForkedBooter.invokeProviderInSameClassLoader(ForkedBooter.java:384)
	at 	at org.apache.maven.surefire.booter.ForkedBooter.runSuitesInProcess(ForkedBooter.java:345)
	at 	at org.apache.maven.surefire.booter.ForkedBooter.execute(ForkedBooter.java:126)
	at 	at org.apache.maven.surefire.booter.ForkedBooter.main(ForkedBooter.java:418)
19:54:26,387 |-INFO in ch.qos.logback.core.joran.action.AppenderAction - About to instantiate appender of type [ch.qos.logback.core.rolling.RollingFileAppender]
19:54:26,387 |-INFO in ch.qos.logback.core.joran.action.AppenderAction - Naming appender as [INFO]
19:54:26,394 |-INFO in c.q.l.core.rolling.TimeBasedRollingPolicy@812553708 - Will use zip compression
19:54:26,394 |-INFO in c.q.l.core.rolling.TimeBasedRollingPolicy@812553708 - Will use the pattern /data/logs/history/info.%d{yyyy-MM-dd} for the active file
19:54:26,396 |-INFO in c.q.l.core.rolling.DefaultTimeBasedFileNamingAndTriggeringPolicy - The date pattern is 'yyyy-MM-dd' from file name pattern '/data/logs/history/info.%d{yyyy-MM-dd}.zip'.
19:54:26,396 |-INFO in c.q.l.core.rolling.DefaultTimeBasedFileNamingAndTriggeringPolicy - Roll-over at midnight.
19:54:26,397 |-INFO in c.q.l.core.rolling.DefaultTimeBasedFileNamingAndTriggeringPolicy - Setting initial period to Sun Feb 09 19:54:26 CST 2020
19:54:26,398 |-INFO in ch.qos.logback.core.joran.action.NestedComplexPropertyIA - Assuming default type [ch.qos.logback.classic.encoder.PatternLayoutEncoder] for [encoder] property
19:54:26,399 |-INFO in ch.qos.logback.core.rolling.RollingFileAppender[INFO] - Active log file name: /data/logs/info.log
19:54:26,399 |-INFO in ch.qos.logback.core.rolling.RollingFileAppender[INFO] - File property is set to [/data/logs/info.log]
19:54:26,400 |-ERROR in ch.qos.logback.core.rolling.RollingFileAppender[INFO] - Failed to create parent directories for [/data/logs/info.log]
19:54:26,400 |-ERROR in ch.qos.logback.core.rolling.RollingFileAppender[INFO] - openFile(/data/logs/info.log,true) call failed. java.io.FileNotFoundException: /data/logs/info.log (No such file or directory)
	at java.io.FileNotFoundException: /data/logs/info.log (No such file or directory)
	at 	at java.base/java.io.FileOutputStream.open0(Native Method)
	at 	at java.base/java.io.FileOutputStream.open(FileOutputStream.java:298)
	at 	at java.base/java.io.FileOutputStream.<init>(FileOutputStream.java:237)
	at 	at ch.qos.logback.core.recovery.ResilientFileOutputStream.<init>(ResilientFileOutputStream.java:26)
	at 	at ch.qos.logback.core.FileAppender.openFile(FileAppender.java:204)
	at 	at ch.qos.logback.core.FileAppender.start(FileAppender.java:127)
	at 	at ch.qos.logback.core.rolling.RollingFileAppender.start(RollingFileAppender.java:100)
	at 	at ch.qos.logback.core.joran.action.AppenderAction.end(AppenderAction.java:90)
	at 	at ch.qos.logback.core.joran.spi.Interpreter.callEndAction(Interpreter.java:309)
	at 	at ch.qos.logback.core.joran.spi.Interpreter.endElement(Interpreter.java:193)
	at 	at ch.qos.logback.core.joran.spi.Interpreter.endElement(Interpreter.java:179)
	at 	at ch.qos.logback.core.joran.spi.EventPlayer.play(EventPlayer.java:62)
	at 	at ch.qos.logback.core.joran.GenericConfigurator.doConfigure(GenericConfigurator.java:165)
	at 	at ch.qos.logback.core.joran.GenericConfigurator.doConfigure(GenericConfigurator.java:152)
	at 	at ch.qos.logback.core.joran.GenericConfigurator.doConfigure(GenericConfigurator.java:110)
	at 	at ch.qos.logback.core.joran.GenericConfigurator.doConfigure(GenericConfigurator.java:53)
	at 	at ch.qos.logback.classic.util.ContextInitializer.configureByResource(ContextInitializer.java:75)
	at 	at ch.qos.logback.classic.util.ContextInitializer.autoConfig(ContextInitializer.java:150)
	at 	at org.slf4j.impl.StaticLoggerBinder.init(StaticLoggerBinder.java:84)
	at 	at org.slf4j.impl.StaticLoggerBinder.<clinit>(StaticLoggerBinder.java:55)
	at 	at org.slf4j.LoggerFactory.bind(LoggerFactory.java:150)
	at 	at org.slf4j.LoggerFactory.performInitialization(LoggerFactory.java:124)
	at 	at org.slf4j.LoggerFactory.getILoggerFactory(LoggerFactory.java:412)
	at 	at org.slf4j.LoggerFactory.getLogger(LoggerFactory.java:357)
	at 	at org.apache.commons.logging.LogAdapter$Slf4jAdapter.createLocationAwareLog(LogAdapter.java:130)
	at 	at org.apache.commons.logging.LogAdapter.createLog(LogAdapter.java:91)
	at 	at org.apache.commons.logging.LogFactory.getLog(LogFactory.java:67)
	at 	at org.apache.commons.logging.LogFactory.getLog(LogFactory.java:59)
	at 	at org.springframework.test.context.junit4.SpringJUnit4ClassRunner.<clinit>(SpringJUnit4ClassRunner.java:99)
	at 	at java.base/jdk.internal.reflect.NativeConstructorAccessorImpl.newInstance0(Native Method)
	at 	at java.base/jdk.internal.reflect.NativeConstructorAccessorImpl.newInstance(NativeConstructorAccessorImpl.java:62)
	at 	at java.base/jdk.internal.reflect.DelegatingConstructorAccessorImpl.newInstance(DelegatingConstructorAccessorImpl.java:45)
	at 	at java.base/java.lang.reflect.Constructor.newInstance(Constructor.java:490)
	at 	at org.junit.internal.builders.AnnotatedBuilder.buildRunner(AnnotatedBuilder.java:104)
	at 	at org.junit.internal.builders.AnnotatedBuilder.runnerForClass(AnnotatedBuilder.java:86)
	at 	at org.junit.runners.model.RunnerBuilder.safeRunnerForClass(RunnerBuilder.java:59)
	at 	at org.junit.internal.builders.AllDefaultPossibilitiesBuilder.runnerForClass(AllDefaultPossibilitiesBuilder.java:26)
	at 	at org.junit.runners.model.RunnerBuilder.safeRunnerForClass(RunnerBuilder.java:59)
	at 	at org.junit.internal.requests.ClassRequest.getRunner(ClassRequest.java:33)
	at 	at org.apache.maven.surefire.junit4.JUnit4Provider.execute(JUnit4Provider.java:362)
	at 	at org.apache.maven.surefire.junit4.JUnit4Provider.executeWithRerun(JUnit4Provider.java:273)
	at 	at org.apache.maven.surefire.junit4.JUnit4Provider.executeTestSet(JUnit4Provider.java:238)
	at 	at org.apache.maven.surefire.junit4.JUnit4Provider.invoke(JUnit4Provider.java:159)
	at 	at org.apache.maven.surefire.booter.ForkedBooter.invokeProviderInSameClassLoader(ForkedBooter.java:384)
	at 	at org.apache.maven.surefire.booter.ForkedBooter.runSuitesInProcess(ForkedBooter.java:345)
	at 	at org.apache.maven.surefire.booter.ForkedBooter.execute(ForkedBooter.java:126)
	at 	at org.apache.maven.surefire.booter.ForkedBooter.main(ForkedBooter.java:418)
19:54:26,400 |-INFO in ch.qos.logback.core.joran.action.AppenderAction - About to instantiate appender of type [ch.qos.logback.core.rolling.RollingFileAppender]
19:54:26,400 |-INFO in ch.qos.logback.core.joran.action.AppenderAction - Naming appender as [ERROR]
19:54:26,401 |-INFO in c.q.l.core.rolling.TimeBasedRollingPolicy@1387210478 - Will use zip compression
19:54:26,402 |-INFO in c.q.l.core.rolling.TimeBasedRollingPolicy@1387210478 - Will use the pattern /data/logs/history/error_%d{yyyy-MM-dd} for the active file
19:54:26,403 |-INFO in c.q.l.core.rolling.DefaultTimeBasedFileNamingAndTriggeringPolicy - The date pattern is 'yyyy-MM-dd' from file name pattern '/data/logs/history/error_%d{yyyy-MM-dd}.zip'.
19:54:26,403 |-INFO in c.q.l.core.rolling.DefaultTimeBasedFileNamingAndTriggeringPolicy - Roll-over at midnight.
19:54:26,404 |-INFO in c.q.l.core.rolling.DefaultTimeBasedFileNamingAndTriggeringPolicy - Setting initial period to Sun Feb 09 19:54:26 CST 2020
19:54:26,404 |-INFO in ch.qos.logback.core.joran.action.NestedComplexPropertyIA - Assuming default type [ch.qos.logback.classic.encoder.PatternLayoutEncoder] for [encoder] property
19:54:26,405 |-INFO in ch.qos.logback.core.rolling.RollingFileAppender[ERROR] - Active log file name: /data/logs/error.log
19:54:26,405 |-INFO in ch.qos.logback.core.rolling.RollingFileAppender[ERROR] - File property is set to [/data/logs/error.log]
19:54:26,406 |-ERROR in ch.qos.logback.core.rolling.RollingFileAppender[ERROR] - Failed to create parent directories for [/data/logs/error.log]
19:54:26,406 |-ERROR in ch.qos.logback.core.rolling.RollingFileAppender[ERROR] - openFile(/data/logs/error.log,true) call failed. java.io.FileNotFoundException: /data/logs/error.log (No such file or directory)
	at java.io.FileNotFoundException: /data/logs/error.log (No such file or directory)
	at 	at java.base/java.io.FileOutputStream.open0(Native Method)
	at 	at java.base/java.io.FileOutputStream.open(FileOutputStream.java:298)
	at 	at java.base/java.io.FileOutputStream.<init>(FileOutputStream.java:237)
	at 	at ch.qos.logback.core.recovery.ResilientFileOutputStream.<init>(ResilientFileOutputStream.java:26)
	at 	at ch.qos.logback.core.FileAppender.openFile(FileAppender.java:204)
	at 	at ch.qos.logback.core.FileAppender.start(FileAppender.java:127)
	at 	at ch.qos.logback.core.rolling.RollingFileAppender.start(RollingFileAppender.java:100)
	at 	at ch.qos.logback.core.joran.action.AppenderAction.end(AppenderAction.java:90)
	at 	at ch.qos.logback.core.joran.spi.Interpreter.callEndAction(Interpreter.java:309)
	at 	at ch.qos.logback.core.joran.spi.Interpreter.endElement(Interpreter.java:193)
	at 	at ch.qos.logback.core.joran.spi.Interpreter.endElement(Interpreter.java:179)
	at 	at ch.qos.logback.core.joran.spi.EventPlayer.play(EventPlayer.java:62)
	at 	at ch.qos.logback.core.joran.GenericConfigurator.doConfigure(GenericConfigurator.java:165)
	at 	at ch.qos.logback.core.joran.GenericConfigurator.doConfigure(GenericConfigurator.java:152)
	at 	at ch.qos.logback.core.joran.GenericConfigurator.doConfigure(GenericConfigurator.java:110)
	at 	at ch.qos.logback.core.joran.GenericConfigurator.doConfigure(GenericConfigurator.java:53)
	at 	at ch.qos.logback.classic.util.ContextInitializer.configureByResource(ContextInitializer.java:75)
	at 	at ch.qos.logback.classic.util.ContextInitializer.autoConfig(ContextInitializer.java:150)
	at 	at org.slf4j.impl.StaticLoggerBinder.init(StaticLoggerBinder.java:84)
	at 	at org.slf4j.impl.StaticLoggerBinder.<clinit>(StaticLoggerBinder.java:55)
	at 	at org.slf4j.LoggerFactory.bind(LoggerFactory.java:150)
	at 	at org.slf4j.LoggerFactory.performInitialization(LoggerFactory.java:124)
	at 	at org.slf4j.LoggerFactory.getILoggerFactory(LoggerFactory.java:412)
	at 	at org.slf4j.LoggerFactory.getLogger(LoggerFactory.java:357)
	at 	at org.apache.commons.logging.LogAdapter$Slf4jAdapter.createLocationAwareLog(LogAdapter.java:130)
	at 	at org.apache.commons.logging.LogAdapter.createLog(LogAdapter.java:91)
	at 	at org.apache.commons.logging.LogFactory.getLog(LogFactory.java:67)
	at 	at org.apache.commons.logging.LogFactory.getLog(LogFactory.java:59)
	at 	at org.springframework.test.context.junit4.SpringJUnit4ClassRunner.<clinit>(SpringJUnit4ClassRunner.java:99)
	at 	at java.base/jdk.internal.reflect.NativeConstructorAccessorImpl.newInstance0(Native Method)
	at 	at java.base/jdk.internal.reflect.NativeConstructorAccessorImpl.newInstance(NativeConstructorAccessorImpl.java:62)
	at 	at java.base/jdk.internal.reflect.DelegatingConstructorAccessorImpl.newInstance(DelegatingConstructorAccessorImpl.java:45)
	at 	at java.base/java.lang.reflect.Constructor.newInstance(Constructor.java:490)
	at 	at org.junit.internal.builders.AnnotatedBuilder.buildRunner(AnnotatedBuilder.java:104)
	at 	at org.junit.internal.builders.AnnotatedBuilder.runnerForClass(AnnotatedBuilder.java:86)
	at 	at org.junit.runners.model.RunnerBuilder.safeRunnerForClass(RunnerBuilder.java:59)
	at 	at org.junit.internal.builders.AllDefaultPossibilitiesBuilder.runnerForClass(AllDefaultPossibilitiesBuilder.java:26)
	at 	at org.junit.runners.model.RunnerBuilder.safeRunnerForClass(RunnerBuilder.java:59)
	at 	at org.junit.internal.requests.ClassRequest.getRunner(ClassRequest.java:33)
	at 	at org.apache.maven.surefire.junit4.JUnit4Provider.execute(JUnit4Provider.java:362)
	at 	at org.apache.maven.surefire.junit4.JUnit4Provider.executeWithRerun(JUnit4Provider.java:273)
	at 	at org.apache.maven.surefire.junit4.JUnit4Provider.executeTestSet(JUnit4Provider.java:238)
	at 	at org.apache.maven.surefire.junit4.JUnit4Provider.invoke(JUnit4Provider.java:159)
	at 	at org.apache.maven.surefire.booter.ForkedBooter.invokeProviderInSameClassLoader(ForkedBooter.java:384)
	at 	at org.apache.maven.surefire.booter.ForkedBooter.runSuitesInProcess(ForkedBooter.java:345)
	at 	at org.apache.maven.surefire.booter.ForkedBooter.execute(ForkedBooter.java:126)
	at 	at org.apache.maven.surefire.booter.ForkedBooter.main(ForkedBooter.java:418)
19:54:26,406 |-INFO in ch.qos.logback.core.joran.action.AppenderAction - About to instantiate appender of type [ch.qos.logback.classic.AsyncAppender]
19:54:26,412 |-INFO in ch.qos.logback.core.joran.action.AppenderAction - Naming appender as [ASYNC_STDOUT1]
19:54:26,412 |-INFO in ch.qos.logback.core.joran.action.AppenderRefAction - Attaching appender named [STDOUT1] to ch.qos.logback.classic.AsyncAppender[ASYNC_STDOUT1]
19:54:26,412 |-INFO in ch.qos.logback.classic.AsyncAppender[ASYNC_STDOUT1] - Attaching appender named [STDOUT1] to AsyncAppender.
19:54:26,413 |-INFO in ch.qos.logback.classic.AsyncAppender[ASYNC_STDOUT1] - Setting discardingThreshold to 51
19:54:26,413 |-INFO in ch.qos.logback.core.joran.action.AppenderAction - About to instantiate appender of type [ch.qos.logback.classic.AsyncAppender]
19:54:26,413 |-INFO in ch.qos.logback.core.joran.action.AppenderAction - Naming appender as [ASYNC_INFO]
19:54:26,413 |-INFO in ch.qos.logback.core.joran.action.AppenderRefAction - Attaching appender named [INFO] to ch.qos.logback.classic.AsyncAppender[ASYNC_INFO]
19:54:26,413 |-INFO in ch.qos.logback.classic.AsyncAppender[ASYNC_INFO] - Attaching appender named [INFO] to AsyncAppender.
19:54:26,413 |-INFO in ch.qos.logback.classic.AsyncAppender[ASYNC_INFO] - Setting discardingThreshold to 51
19:54:26,414 |-INFO in ch.qos.logback.core.joran.action.AppenderAction - About to instantiate appender of type [ch.qos.logback.classic.AsyncAppender]
19:54:26,414 |-INFO in ch.qos.logback.core.joran.action.AppenderAction - Naming appender as [ASYNC_ERROR]
19:54:26,414 |-INFO in ch.qos.logback.core.joran.action.AppenderRefAction - Attaching appender named [ERROR] to ch.qos.logback.classic.AsyncAppender[ASYNC_ERROR]
19:54:26,414 |-INFO in ch.qos.logback.classic.AsyncAppender[ASYNC_ERROR] - Attaching appender named [ERROR] to AsyncAppender.
19:54:26,414 |-INFO in ch.qos.logback.classic.AsyncAppender[ASYNC_ERROR] - Setting discardingThreshold to 51
19:54:26,414 |-INFO in ch.qos.logback.core.joran.action.AppenderAction - About to instantiate appender of type [ch.qos.logback.classic.AsyncAppender]
19:54:26,414 |-INFO in ch.qos.logback.core.joran.action.AppenderAction - Naming appender as [ASYNC_DEBUG]
19:54:26,414 |-INFO in ch.qos.logback.core.joran.action.AppenderRefAction - Attaching appender named [DEBUG] to ch.qos.logback.classic.AsyncAppender[ASYNC_DEBUG]
19:54:26,414 |-INFO in ch.qos.logback.classic.AsyncAppender[ASYNC_DEBUG] - Attaching appender named [DEBUG] to AsyncAppender.
19:54:26,414 |-INFO in ch.qos.logback.classic.AsyncAppender[ASYNC_DEBUG] - Setting discardingThreshold to 51
19:54:26,428 |-INFO in ch.qos.logback.core.joran.action.AppenderAction - About to instantiate appender of type [ch.qos.logback.core.rolling.RollingFileAppender]
19:54:26,428 |-INFO in ch.qos.logback.core.joran.action.AppenderAction - Naming appender as [perf4jFileAppender]
19:54:26,428 |-INFO in ch.qos.logback.core.joran.action.NestedComplexPropertyIA - Assuming default type [ch.qos.logback.classic.encoder.PatternLayoutEncoder] for [encoder] property
19:54:26,431 |-INFO in c.q.l.core.rolling.TimeBasedRollingPolicy@1876443073 - No compression will be used
19:54:26,431 |-INFO in c.q.l.core.rolling.TimeBasedRollingPolicy@1876443073 - Will use the pattern /data/logs/perf4j.%d{yyyy-MM-dd}.log for the active file
19:54:26,432 |-INFO in c.q.l.core.rolling.DefaultTimeBasedFileNamingAndTriggeringPolicy - The date pattern is 'yyyy-MM-dd' from file name pattern '/data/logs/perf4j.%d{yyyy-MM-dd}.log'.
19:54:26,432 |-INFO in c.q.l.core.rolling.DefaultTimeBasedFileNamingAndTriggeringPolicy - Roll-over at midnight.
19:54:26,433 |-INFO in c.q.l.core.rolling.DefaultTimeBasedFileNamingAndTriggeringPolicy - Setting initial period to Sun Feb 09 19:54:26 CST 2020
19:54:26,433 |-INFO in ch.qos.logback.core.rolling.RollingFileAppender[perf4jFileAppender] - Active log file name: /data/logs/perf4j.log
19:54:26,433 |-INFO in ch.qos.logback.core.rolling.RollingFileAppender[perf4jFileAppender] - File property is set to [/data/logs/perf4j.log]
19:54:26,433 |-ERROR in ch.qos.logback.core.rolling.RollingFileAppender[perf4jFileAppender] - Failed to create parent directories for [/data/logs/perf4j.log]
19:54:26,434 |-ERROR in ch.qos.logback.core.rolling.RollingFileAppender[perf4jFileAppender] - openFile(/data/logs/perf4j.log,true) call failed. java.io.FileNotFoundException: /data/logs/perf4j.log (No such file or directory)
	at java.io.FileNotFoundException: /data/logs/perf4j.log (No such file or directory)
	at 	at java.base/java.io.FileOutputStream.open0(Native Method)
	at 	at java.base/java.io.FileOutputStream.open(FileOutputStream.java:298)
	at 	at java.base/java.io.FileOutputStream.<init>(FileOutputStream.java:237)
	at 	at ch.qos.logback.core.recovery.ResilientFileOutputStream.<init>(ResilientFileOutputStream.java:26)
	at 	at ch.qos.logback.core.FileAppender.openFile(FileAppender.java:204)
	at 	at ch.qos.logback.core.FileAppender.start(FileAppender.java:127)
	at 	at ch.qos.logback.core.rolling.RollingFileAppender.start(RollingFileAppender.java:100)
	at 	at ch.qos.logback.core.joran.action.AppenderAction.end(AppenderAction.java:90)
	at 	at ch.qos.logback.core.joran.spi.Interpreter.callEndAction(Interpreter.java:309)
	at 	at ch.qos.logback.core.joran.spi.Interpreter.endElement(Interpreter.java:193)
	at 	at ch.qos.logback.core.joran.spi.Interpreter.endElement(Interpreter.java:179)
	at 	at ch.qos.logback.core.joran.spi.EventPlayer.play(EventPlayer.java:62)
	at 	at ch.qos.logback.core.joran.GenericConfigurator.doConfigure(GenericConfigurator.java:165)
	at 	at ch.qos.logback.core.joran.GenericConfigurator.doConfigure(GenericConfigurator.java:152)
	at 	at ch.qos.logback.core.joran.GenericConfigurator.doConfigure(GenericConfigurator.java:110)
	at 	at ch.qos.logback.core.joran.GenericConfigurator.doConfigure(GenericConfigurator.java:53)
	at 	at ch.qos.logback.classic.util.ContextInitializer.configureByResource(ContextInitializer.java:75)
	at 	at ch.qos.logback.classic.util.ContextInitializer.autoConfig(ContextInitializer.java:150)
	at 	at org.slf4j.impl.StaticLoggerBinder.init(StaticLoggerBinder.java:84)
	at 	at org.slf4j.impl.StaticLoggerBinder.<clinit>(StaticLoggerBinder.java:55)
	at 	at org.slf4j.LoggerFactory.bind(LoggerFactory.java:150)
	at 	at org.slf4j.LoggerFactory.performInitialization(LoggerFactory.java:124)
	at 	at org.slf4j.LoggerFactory.getILoggerFactory(LoggerFactory.java:412)
	at 	at org.slf4j.LoggerFactory.getLogger(LoggerFactory.java:357)
	at 	at org.apache.commons.logging.LogAdapter$Slf4jAdapter.createLocationAwareLog(LogAdapter.java:130)
	at 	at org.apache.commons.logging.LogAdapter.createLog(LogAdapter.java:91)
	at 	at org.apache.commons.logging.LogFactory.getLog(LogFactory.java:67)
	at 	at org.apache.commons.logging.LogFactory.getLog(LogFactory.java:59)
	at 	at org.springframework.test.context.junit4.SpringJUnit4ClassRunner.<clinit>(SpringJUnit4ClassRunner.java:99)
	at 	at java.base/jdk.internal.reflect.NativeConstructorAccessorImpl.newInstance0(Native Method)
	at 	at java.base/jdk.internal.reflect.NativeConstructorAccessorImpl.newInstance(NativeConstructorAccessorImpl.java:62)
	at 	at java.base/jdk.internal.reflect.DelegatingConstructorAccessorImpl.newInstance(DelegatingConstructorAccessorImpl.java:45)
	at 	at java.base/java.lang.reflect.Constructor.newInstance(Constructor.java:490)
	at 	at org.junit.internal.builders.AnnotatedBuilder.buildRunner(AnnotatedBuilder.java:104)
	at 	at org.junit.internal.builders.AnnotatedBuilder.runnerForClass(AnnotatedBuilder.java:86)
	at 	at org.junit.runners.model.RunnerBuilder.safeRunnerForClass(RunnerBuilder.java:59)
	at 	at org.junit.internal.builders.AllDefaultPossibilitiesBuilder.runnerForClass(AllDefaultPossibilitiesBuilder.java:26)
	at 	at org.junit.runners.model.RunnerBuilder.safeRunnerForClass(RunnerBuilder.java:59)
	at 	at org.junit.internal.requests.ClassRequest.getRunner(ClassRequest.java:33)
	at 	at org.apache.maven.surefire.junit4.JUnit4Provider.execute(JUnit4Provider.java:362)
	at 	at org.apache.maven.surefire.junit4.JUnit4Provider.executeWithRerun(JUnit4Provider.java:273)
	at 	at org.apache.maven.surefire.junit4.JUnit4Provider.executeTestSet(JUnit4Provider.java:238)
	at 	at org.apache.maven.surefire.junit4.JUnit4Provider.invoke(JUnit4Provider.java:159)
	at 	at org.apache.maven.surefire.booter.ForkedBooter.invokeProviderInSameClassLoader(ForkedBooter.java:384)
	at 	at org.apache.maven.surefire.booter.ForkedBooter.runSuitesInProcess(ForkedBooter.java:345)
	at 	at org.apache.maven.surefire.booter.ForkedBooter.execute(ForkedBooter.java:126)
	at 	at org.apache.maven.surefire.booter.ForkedBooter.main(ForkedBooter.java:418)
19:54:26,435 |-INFO in ch.qos.logback.classic.joran.action.LoggerAction - Setting additivity of logger [org.perf4j.TimingLogger] to false
19:54:26,435 |-INFO in ch.qos.logback.classic.joran.action.LevelAction - org.perf4j.TimingLogger level set to INFO
19:54:26,435 |-INFO in ch.qos.logback.core.joran.action.AppenderRefAction - Attaching appender named [perf4jFileAppender] to Logger[org.perf4j.TimingLogger]
19:54:26,436 |-INFO in ch.qos.logback.classic.joran.action.LoggerAction - Setting level of logger [org.springframework] to INFO
19:54:26,436 |-INFO in ch.qos.logback.core.joran.action.AppenderRefAction - Attaching appender named [ASYNC_STDOUT1] to Logger[org.springframework]
19:54:26,436 |-INFO in ch.qos.logback.core.joran.action.AppenderRefAction - Attaching appender named [ASYNC_INFO] to Logger[org.springframework]
19:54:26,436 |-INFO in ch.qos.logback.classic.joran.action.LoggerAction - Setting level of logger [com.amazonaws] to INFO
19:54:26,436 |-INFO in ch.qos.logback.core.joran.action.AppenderRefAction - Attaching appender named [ASYNC_STDOUT1] to Logger[com.amazonaws]
19:54:26,436 |-INFO in ch.qos.logback.core.joran.action.AppenderRefAction - Attaching appender named [ASYNC_INFO] to Logger[com.amazonaws]
19:54:26,436 |-INFO in ch.qos.logback.classic.joran.action.LoggerAction - Setting level of logger [org.apache.http] to INFO
19:54:26,436 |-INFO in ch.qos.logback.core.joran.action.AppenderRefAction - Attaching appender named [ASYNC_STDOUT1] to Logger[org.apache.http]
19:54:26,436 |-INFO in ch.qos.logback.core.joran.action.AppenderRefAction - Attaching appender named [ASYNC_INFO] to Logger[org.apache.http]
19:54:26,436 |-INFO in ch.qos.logback.classic.joran.action.LoggerAction - Setting level of logger [org.apache.commons.configuration] to INFO
19:54:26,436 |-INFO in ch.qos.logback.core.joran.action.AppenderRefAction - Attaching appender named [ASYNC_STDOUT1] to Logger[org.apache.commons.configuration]
19:54:26,436 |-INFO in ch.qos.logback.core.joran.action.AppenderRefAction - Attaching appender named [ASYNC_INFO] to Logger[org.apache.commons.configuration]
19:54:26,436 |-INFO in ch.qos.logback.classic.joran.action.LoggerAction - Setting level of logger [freemarker] to INFO
19:54:26,436 |-INFO in ch.qos.logback.core.joran.action.AppenderRefAction - Attaching appender named [ASYNC_STDOUT1] to Logger[freemarker]
19:54:26,436 |-INFO in ch.qos.logback.core.joran.action.AppenderRefAction - Attaching appender named [ASYNC_INFO] to Logger[freemarker]
19:54:26,436 |-INFO in ch.qos.logback.classic.joran.action.RootLoggerAction - Setting level of ROOT logger to TRACE
19:54:26,436 |-INFO in ch.qos.logback.core.joran.action.AppenderRefAction - Attaching appender named [STDOUT1] to Logger[ROOT]
19:54:26,436 |-INFO in ch.qos.logback.core.joran.action.AppenderRefAction - Attaching appender named [INFO] to Logger[ROOT]
19:54:26,436 |-INFO in ch.qos.logback.core.joran.action.AppenderRefAction - Attaching appender named [ERROR] to Logger[ROOT]
19:54:26,436 |-INFO in ch.qos.logback.core.joran.action.AppenderRefAction - Attaching appender named [ASYNC_DEBUG] to Logger[ROOT]
19:54:26,436 |-INFO in ch.qos.logback.classic.joran.action.ConfigurationAction - End of configuration.
19:54:26,438 |-INFO in ch.qos.logback.classic.joran.JoranConfigurator@4f2b503c - Registering current configuration as safe fallback point

2020-2月-09 19:54:26.995 INFO   org.springframework.boot.test.context.SpringBootTestContextBootstrapper - Neither @ContextConfiguration nor @ContextHierarchy found for test class [com.ucd.micro.monitor.MonitorApplicationTests], using SpringBootContextLoader
2020-2月-09 19:54:26.995 INFO   org.springframework.boot.test.context.SpringBootTestContextBootstrapper - Neither @ContextConfiguration nor @ContextHierarchy found for test class [com.ucd.micro.monitor.MonitorApplicationTests], using SpringBootContextLoader
2020-2月-09 19:54:27.012 INFO   org.springframework.test.context.support.AbstractContextLoader - Could not detect default resource locations for test class [com.ucd.micro.monitor.MonitorApplicationTests]: no resource found for suffixes {-context.xml, Context.groovy}.
2020-2月-09 19:54:27.012 INFO   org.springframework.test.context.support.AbstractContextLoader - Could not detect default resource locations for test class [com.ucd.micro.monitor.MonitorApplicationTests]: no resource found for suffixes {-context.xml, Context.groovy}.
2020-2月-09 19:54:27.016 INFO   org.springframework.test.context.support.AnnotationConfigContextLoaderUtils - Could not detect default configuration classes for test class [com.ucd.micro.monitor.MonitorApplicationTests]: MonitorApplicationTests does not declare any static, non-private, non-final, nested classes annotated with @Configuration.
2020-2月-09 19:54:27.016 INFO   org.springframework.test.context.support.AnnotationConfigContextLoaderUtils - Could not detect default configuration classes for test class [com.ucd.micro.monitor.MonitorApplicationTests]: MonitorApplicationTests does not declare any static, non-private, non-final, nested classes annotated with @Configuration.
2020-2月-09 19:54:27.394 INFO   org.springframework.boot.test.context.SpringBootTestContextBootstrapper - Found @SpringBootConfiguration com.ucd.micro.monitor.MonitorApplication for test class com.ucd.micro.monitor.MonitorApplicationTests
2020-2月-09 19:54:27.394 INFO   org.springframework.boot.test.context.SpringBootTestContextBootstrapper - Found @SpringBootConfiguration com.ucd.micro.monitor.MonitorApplication for test class com.ucd.micro.monitor.MonitorApplicationTests
2020-2月-09 19:54:27.688 INFO   org.springframework.boot.test.context.SpringBootTestContextBootstrapper - Loaded default TestExecutionListener class names from location [META-INF/spring.factories]: [org.springframework.boot.test.mock.mockito.MockitoTestExecutionListener, org.springframework.boot.test.mock.mockito.ResetMocksTestExecutionListener, org.springframework.boot.test.autoconfigure.restdocs.RestDocsTestExecutionListener, org.springframework.boot.test.autoconfigure.web.client.MockRestServiceServerResetTestExecutionListener, org.springframework.boot.test.autoconfigure.web.servlet.MockMvcPrintOnlyOnFailureTestExecutionListener, org.springframework.boot.test.autoconfigure.web.servlet.WebDriverTestExecutionListener, org.springframework.test.context.web.ServletTestExecutionListener, org.springframework.test.context.support.DirtiesContextBeforeModesTestExecutionListener, org.springframework.test.context.support.DependencyInjectionTestExecutionListener, org.springframework.test.context.support.DirtiesContextTestExecutionListener, org.springframework.test.context.transaction.TransactionalTestExecutionListener, org.springframework.test.context.jdbc.SqlScriptsTestExecutionListener]
2020-2月-09 19:54:27.688 INFO   org.springframework.boot.test.context.SpringBootTestContextBootstrapper - Loaded default TestExecutionListener class names from location [META-INF/spring.factories]: [org.springframework.boot.test.mock.mockito.MockitoTestExecutionListener, org.springframework.boot.test.mock.mockito.ResetMocksTestExecutionListener, org.springframework.boot.test.autoconfigure.restdocs.RestDocsTestExecutionListener, org.springframework.boot.test.autoconfigure.web.client.MockRestServiceServerResetTestExecutionListener, org.springframework.boot.test.autoconfigure.web.servlet.MockMvcPrintOnlyOnFailureTestExecutionListener, org.springframework.boot.test.autoconfigure.web.servlet.WebDriverTestExecutionListener, org.springframework.test.context.web.ServletTestExecutionListener, org.springframework.test.context.support.DirtiesContextBeforeModesTestExecutionListener, org.springframework.test.context.support.DependencyInjectionTestExecutionListener, org.springframework.test.context.support.DirtiesContextTestExecutionListener, org.springframework.test.context.transaction.TransactionalTestExecutionListener, org.springframework.test.context.jdbc.SqlScriptsTestExecutionListener]
2020-2月-09 19:54:27.728 INFO   org.springframework.boot.test.context.SpringBootTestContextBootstrapper - Using TestExecutionListeners: [org.springframework.test.context.web.ServletTestExecutionListener@22ffa91a, org.springframework.test.context.support.DirtiesContextBeforeModesTestExecutionListener@74960bfa, org.springframework.boot.test.mock.mockito.MockitoTestExecutionListener@42721fe, org.springframework.boot.test.autoconfigure.SpringBootDependencyInjectionTestExecutionListener@40844aab, org.springframework.test.context.support.DirtiesContextTestExecutionListener@1f6c9cd8, org.springframework.boot.test.mock.mockito.ResetMocksTestExecutionListener@5b619d14, org.springframework.boot.test.autoconfigure.restdocs.RestDocsTestExecutionListener@66746f57, org.springframework.boot.test.autoconfigure.web.client.MockRestServiceServerResetTestExecutionListener@447a020, org.springframework.boot.test.autoconfigure.web.servlet.MockMvcPrintOnlyOnFailureTestExecutionListener@7f36662c, org.springframework.boot.test.autoconfigure.web.servlet.WebDriverTestExecutionListener@28e8dde3]
2020-2月-09 19:54:27.728 INFO   org.springframework.boot.test.context.SpringBootTestContextBootstrapper - Using TestExecutionListeners: [org.springframework.test.context.web.ServletTestExecutionListener@22ffa91a, org.springframework.test.context.support.DirtiesContextBeforeModesTestExecutionListener@74960bfa, org.springframework.boot.test.mock.mockito.MockitoTestExecutionListener@42721fe, org.springframework.boot.test.autoconfigure.SpringBootDependencyInjectionTestExecutionListener@40844aab, org.springframework.test.context.support.DirtiesContextTestExecutionListener@1f6c9cd8, org.springframework.boot.test.mock.mockito.ResetMocksTestExecutionListener@5b619d14, org.springframework.boot.test.autoconfigure.restdocs.RestDocsTestExecutionListener@66746f57, org.springframework.boot.test.autoconfigure.web.client.MockRestServiceServerResetTestExecutionListener@447a020, org.springframework.boot.test.autoconfigure.web.servlet.MockMvcPrintOnlyOnFailureTestExecutionListener@7f36662c, org.springframework.boot.test.autoconfigure.web.servlet.WebDriverTestExecutionListener@28e8dde3]
2020-2月-09 19:54:28.704 DEBUG  org.hibernate.validator.messageinterpolation.ResourceBundleMessageInterpolator - Loaded expression factory via original TCCL
2020-2月-09 19:54:28.721 DEBUG  org.hibernate.validator.internal.engine.ValidatorFactoryImpl - HV000234: Using org.hibernate.validator.messageinterpolation.ResourceBundleMessageInterpolator as ValidatorFactory-scoped message interpolator.
2020-2月-09 19:54:28.721 DEBUG  org.hibernate.validator.internal.engine.ValidatorFactoryImpl - HV000234: Using org.hibernate.validator.internal.engine.resolver.TraverseAllTraversableResolver as ValidatorFactory-scoped traversable resolver.
2020-2月-09 19:54:28.721 DEBUG  org.hibernate.validator.internal.engine.ValidatorFactoryImpl - HV000234: Using org.hibernate.validator.internal.util.ExecutableParameterNameProvider as ValidatorFactory-scoped parameter name provider.
2020-2月-09 19:54:28.721 DEBUG  org.hibernate.validator.internal.engine.ValidatorFactoryImpl - HV000234: Using org.hibernate.validator.internal.engine.DefaultClockProvider as ValidatorFactory-scoped clock provider.
2020-2月-09 19:54:28.722 DEBUG  org.hibernate.validator.internal.engine.ValidatorFactoryImpl - HV000234: Using org.hibernate.validator.internal.engine.scripting.DefaultScriptEvaluatorFactory as ValidatorFactory-scoped script evaluator factory.
2020-2月-09 19:54:31.480 ERROR  org.springframework.boot.SpringApplication - Application run failed
java.lang.IllegalStateException: Logback configuration error detected: 
ERROR in ch.qos.logback.core.rolling.RollingFileAppender[DEBUG] - Failed to create parent directories for [/data/logs/debug.log]
ERROR in ch.qos.logback.core.rolling.RollingFileAppender[DEBUG] - openFile(/data/logs/debug.log,true) call failed. java.io.FileNotFoundException: /data/logs/debug.log (No such file or directory)
ERROR in ch.qos.logback.core.rolling.RollingFileAppender[INFO] - Failed to create parent directories for [/data/logs/info.log]
ERROR in ch.qos.logback.core.rolling.RollingFileAppender[INFO] - openFile(/data/logs/info.log,true) call failed. java.io.FileNotFoundException: /data/logs/info.log (No such file or directory)
ERROR in ch.qos.logback.core.rolling.RollingFileAppender[ERROR] - Failed to create parent directories for [/data/logs/error.log]
ERROR in ch.qos.logback.core.rolling.RollingFileAppender[ERROR] - openFile(/data/logs/error.log,true) call failed. java.io.FileNotFoundException: /data/logs/error.log (No such file or directory)
ERROR in ch.qos.logback.core.rolling.RollingFileAppender[perf4jFileAppender] - Failed to create parent directories for [/data/logs/perf4j.log]
ERROR in ch.qos.logback.core.rolling.RollingFileAppender[perf4jFileAppender] - openFile(/data/logs/perf4j.log,true) call failed. java.io.FileNotFoundException: /data/logs/perf4j.log (No such file or directory)
	at org.springframework.boot.logging.logback.LogbackLoggingSystem.loadConfiguration(LogbackLoggingSystem.java:167)
	at org.springframework.boot.logging.logback.LogbackLoggingSystem.reinitialize(LogbackLoggingSystem.java:220)
	at org.springframework.boot.logging.AbstractLoggingSystem.initializeWithConventions(AbstractLoggingSystem.java:73)
	at org.springframework.boot.logging.AbstractLoggingSystem.initialize(AbstractLoggingSystem.java:60)
	at org.springframework.boot.logging.logback.LogbackLoggingSystem.initialize(LogbackLoggingSystem.java:118)
	at org.springframework.boot.context.logging.LoggingApplicationListener.initializeSystem(LoggingApplicationListener.java:289)
	at org.springframework.boot.context.logging.LoggingApplicationListener.initialize(LoggingApplicationListener.java:264)
	at org.springframework.boot.context.logging.LoggingApplicationListener.onApplicationEnvironmentPreparedEvent(LoggingApplicationListener.java:226)
	at org.springframework.boot.context.logging.LoggingApplicationListener.onApplicationEvent(LoggingApplicationListener.java:203)
	at org.springframework.context.event.SimpleApplicationEventMulticaster.doInvokeListener(SimpleApplicationEventMulticaster.java:172)
	at org.springframework.context.event.SimpleApplicationEventMulticaster.invokeListener(SimpleApplicationEventMulticaster.java:165)
	at org.springframework.context.event.SimpleApplicationEventMulticaster.multicastEvent(SimpleApplicationEventMulticaster.java:139)
	at org.springframework.context.event.SimpleApplicationEventMulticaster.multicastEvent(SimpleApplicationEventMulticaster.java:127)
	at org.springframework.boot.context.event.EventPublishingRunListener.environmentPrepared(EventPublishingRunListener.java:76)
	at org.springframework.boot.SpringApplicationRunListeners.environmentPrepared(SpringApplicationRunListeners.java:53)
	at org.springframework.boot.SpringApplication.prepareEnvironment(SpringApplication.java:342)
	at org.springframework.boot.SpringApplication.run(SpringApplication.java:305)
	at org.springframework.boot.test.context.SpringBootContextLoader.loadContext(SpringBootContextLoader.java:120)
	at org.springframework.test.context.cache.DefaultCacheAwareContextLoaderDelegate.loadContextInternal(DefaultCacheAwareContextLoaderDelegate.java:99)
	at org.springframework.test.context.cache.DefaultCacheAwareContextLoaderDelegate.loadContext(DefaultCacheAwareContextLoaderDelegate.java:117)
	at org.springframework.test.context.support.DefaultTestContext.getApplicationContext(DefaultTestContext.java:108)
	at org.springframework.test.context.web.ServletTestExecutionListener.setUpRequestContextIfNecessary(ServletTestExecutionListener.java:190)
	at org.springframework.test.context.web.ServletTestExecutionListener.prepareTestInstance(ServletTestExecutionListener.java:132)
	at org.springframework.test.context.TestContextManager.prepareTestInstance(TestContextManager.java:246)
	at org.springframework.test.context.junit4.SpringJUnit4ClassRunner.createTest(SpringJUnit4ClassRunner.java:227)
	at org.springframework.test.context.junit4.SpringJUnit4ClassRunner$1.runReflectiveCall(SpringJUnit4ClassRunner.java:289)
	at org.junit.internal.runners.model.ReflectiveCallable.run(ReflectiveCallable.java:12)
	at org.springframework.test.context.junit4.SpringJUnit4ClassRunner.methodBlock(SpringJUnit4ClassRunner.java:291)
	at org.springframework.test.context.junit4.SpringJUnit4ClassRunner.runChild(SpringJUnit4ClassRunner.java:246)
	at org.springframework.test.context.junit4.SpringJUnit4ClassRunner.runChild(SpringJUnit4ClassRunner.java:97)
	at org.junit.runners.ParentRunner$3.run(ParentRunner.java:290)
	at org.junit.runners.ParentRunner$1.schedule(ParentRunner.java:71)
	at org.junit.runners.ParentRunner.runChildren(ParentRunner.java:288)
	at org.junit.runners.ParentRunner.access$000(ParentRunner.java:58)
	at org.junit.runners.ParentRunner$2.evaluate(ParentRunner.java:268)
	at org.springframework.test.context.junit4.statements.RunBeforeTestClassCallbacks.evaluate(RunBeforeTestClassCallbacks.java:61)
	at org.springframework.test.context.junit4.statements.RunAfterTestClassCallbacks.evaluate(RunAfterTestClassCallbacks.java:70)
	at org.junit.runners.ParentRunner.run(ParentRunner.java:363)
	at org.springframework.test.context.junit4.SpringJUnit4ClassRunner.run(SpringJUnit4ClassRunner.java:190)
	at org.apache.maven.surefire.junit4.JUnit4Provider.execute(JUnit4Provider.java:365)
	at org.apache.maven.surefire.junit4.JUnit4Provider.executeWithRerun(JUnit4Provider.java:273)
	at org.apache.maven.surefire.junit4.JUnit4Provider.executeTestSet(JUnit4Provider.java:238)
	at org.apache.maven.surefire.junit4.JUnit4Provider.invoke(JUnit4Provider.java:159)
	at org.apache.maven.surefire.booter.ForkedBooter.invokeProviderInSameClassLoader(ForkedBooter.java:384)
	at org.apache.maven.surefire.booter.ForkedBooter.runSuitesInProcess(ForkedBooter.java:345)
	at org.apache.maven.surefire.booter.ForkedBooter.execute(ForkedBooter.java:126)
	at org.apache.maven.surefire.booter.ForkedBooter.main(ForkedBooter.java:418)
2020-2月-09 19:54:31.480 ERROR  org.springframework.boot.SpringApplication - Application run failed
java.lang.IllegalStateException: Logback configuration error detected: 
ERROR in ch.qos.logback.core.rolling.RollingFileAppender[DEBUG] - Failed to create parent directories for [/data/logs/debug.log]
ERROR in ch.qos.logback.core.rolling.RollingFileAppender[DEBUG] - openFile(/data/logs/debug.log,true) call failed. java.io.FileNotFoundException: /data/logs/debug.log (No such file or directory)
ERROR in ch.qos.logback.core.rolling.RollingFileAppender[INFO] - Failed to create parent directories for [/data/logs/info.log]
ERROR in ch.qos.logback.core.rolling.RollingFileAppender[INFO] - openFile(/data/logs/info.log,true) call failed. java.io.FileNotFoundException: /data/logs/info.log (No such file or directory)
ERROR in ch.qos.logback.core.rolling.RollingFileAppender[ERROR] - Failed to create parent directories for [/data/logs/error.log]
ERROR in ch.qos.logback.core.rolling.RollingFileAppender[ERROR] - openFile(/data/logs/error.log,true) call failed. java.io.FileNotFoundException: /data/logs/error.log (No such file or directory)
ERROR in ch.qos.logback.core.rolling.RollingFileAppender[perf4jFileAppender] - Failed to create parent directories for [/data/logs/perf4j.log]
ERROR in ch.qos.logback.core.rolling.RollingFileAppender[perf4jFileAppender] - openFile(/data/logs/perf4j.log,true) call failed. java.io.FileNotFoundException: /data/logs/perf4j.log (No such file or directory)
	at org.springframework.boot.logging.logback.LogbackLoggingSystem.loadConfiguration(LogbackLoggingSystem.java:167)
	at org.springframework.boot.logging.logback.LogbackLoggingSystem.reinitialize(LogbackLoggingSystem.java:220)
	at org.springframework.boot.logging.AbstractLoggingSystem.initializeWithConventions(AbstractLoggingSystem.java:73)
	at org.springframework.boot.logging.AbstractLoggingSystem.initialize(AbstractLoggingSystem.java:60)
	at org.springframework.boot.logging.logback.LogbackLoggingSystem.initialize(LogbackLoggingSystem.java:118)
	at org.springframework.boot.context.logging.LoggingApplicationListener.initializeSystem(LoggingApplicationListener.java:289)
	at org.springframework.boot.context.logging.LoggingApplicationListener.initialize(LoggingApplicationListener.java:264)
	at org.springframework.boot.context.logging.LoggingApplicationListener.onApplicationEnvironmentPreparedEvent(LoggingApplicationListener.java:226)
	at org.springframework.boot.context.logging.LoggingApplicationListener.onApplicationEvent(LoggingApplicationListener.java:203)
	at org.springframework.context.event.SimpleApplicationEventMulticaster.doInvokeListener(SimpleApplicationEventMulticaster.java:172)
	at org.springframework.context.event.SimpleApplicationEventMulticaster.invokeListener(SimpleApplicationEventMulticaster.java:165)
	at org.springframework.context.event.SimpleApplicationEventMulticaster.multicastEvent(SimpleApplicationEventMulticaster.java:139)
	at org.springframework.context.event.SimpleApplicationEventMulticaster.multicastEvent(SimpleApplicationEventMulticaster.java:127)
	at org.springframework.boot.context.event.EventPublishingRunListener.environmentPrepared(EventPublishingRunListener.java:76)
	at org.springframework.boot.SpringApplicationRunListeners.environmentPrepared(SpringApplicationRunListeners.java:53)
	at org.springframework.boot.SpringApplication.prepareEnvironment(SpringApplication.java:342)
	at org.springframework.boot.SpringApplication.run(SpringApplication.java:305)
	at org.springframework.boot.test.context.SpringBootContextLoader.loadContext(SpringBootContextLoader.java:120)
	at org.springframework.test.context.cache.DefaultCacheAwareContextLoaderDelegate.loadContextInternal(DefaultCacheAwareContextLoaderDelegate.java:99)
	at org.springframework.test.context.cache.DefaultCacheAwareContextLoaderDelegate.loadContext(DefaultCacheAwareContextLoaderDelegate.java:117)
	at org.springframework.test.context.support.DefaultTestContext.getApplicationContext(DefaultTestContext.java:108)
	at org.springframework.test.context.web.ServletTestExecutionListener.setUpRequestContextIfNecessary(ServletTestExecutionListener.java:190)
	at org.springframework.test.context.web.ServletTestExecutionListener.prepareTestInstance(ServletTestExecutionListener.java:132)
	at org.springframework.test.context.TestContextManager.prepareTestInstance(TestContextManager.java:246)
	at org.springframework.test.context.junit4.SpringJUnit4ClassRunner.createTest(SpringJUnit4ClassRunner.java:227)
	at org.springframework.test.context.junit4.SpringJUnit4ClassRunner$1.runReflectiveCall(SpringJUnit4ClassRunner.java:289)
	at org.junit.internal.runners.model.ReflectiveCallable.run(ReflectiveCallable.java:12)
	at org.springframework.test.context.junit4.SpringJUnit4ClassRunner.methodBlock(SpringJUnit4ClassRunner.java:291)
	at org.springframework.test.context.junit4.SpringJUnit4ClassRunner.runChild(SpringJUnit4ClassRunner.java:246)
	at org.springframework.test.context.junit4.SpringJUnit4ClassRunner.runChild(SpringJUnit4ClassRunner.java:97)
	at org.junit.runners.ParentRunner$3.run(ParentRunner.java:290)
	at org.junit.runners.ParentRunner$1.schedule(ParentRunner.java:71)
	at org.junit.runners.ParentRunner.runChildren(ParentRunner.java:288)
	at org.junit.runners.ParentRunner.access$000(ParentRunner.java:58)
	at org.junit.runners.ParentRunner$2.evaluate(ParentRunner.java:268)
	at org.springframework.test.context.junit4.statements.RunBeforeTestClassCallbacks.evaluate(RunBeforeTestClassCallbacks.java:61)
	at org.springframework.test.context.junit4.statements.RunAfterTestClassCallbacks.evaluate(RunAfterTestClassCallbacks.java:70)
	at org.junit.runners.ParentRunner.run(ParentRunner.java:363)
	at org.springframework.test.context.junit4.SpringJUnit4ClassRunner.run(SpringJUnit4ClassRunner.java:190)
	at org.apache.maven.surefire.junit4.JUnit4Provider.execute(JUnit4Provider.java:365)
	at org.apache.maven.surefire.junit4.JUnit4Provider.executeWithRerun(JUnit4Provider.java:273)
	at org.apache.maven.surefire.junit4.JUnit4Provider.executeTestSet(JUnit4Provider.java:238)
	at org.apache.maven.surefire.junit4.JUnit4Provider.invoke(JUnit4Provider.java:159)
	at org.apache.maven.surefire.booter.ForkedBooter.invokeProviderInSameClassLoader(ForkedBooter.java:384)
	at org.apache.maven.surefire.booter.ForkedBooter.runSuitesInProcess(ForkedBooter.java:345)
	at org.apache.maven.surefire.booter.ForkedBooter.execute(ForkedBooter.java:126)
	at org.apache.maven.surefire.booter.ForkedBooter.main(ForkedBooter.java:418)
2020-2月-09 19:54:31.485 ERROR  org.springframework.test.context.TestContextManager - Caught exception while allowing TestExecutionListener [org.springframework.test.context.web.ServletTestExecutionListener@22ffa91a] to prepare test instance [com.ucd.micro.monitor.MonitorApplicationTests@18e7143f]
java.lang.IllegalStateException: Failed to load ApplicationContext
	at org.springframework.test.context.cache.DefaultCacheAwareContextLoaderDelegate.loadContext(DefaultCacheAwareContextLoaderDelegate.java:125)
	at org.springframework.test.context.support.DefaultTestContext.getApplicationContext(DefaultTestContext.java:108)
	at org.springframework.test.context.web.ServletTestExecutionListener.setUpRequestContextIfNecessary(ServletTestExecutionListener.java:190)
	at org.springframework.test.context.web.ServletTestExecutionListener.prepareTestInstance(ServletTestExecutionListener.java:132)
	at org.springframework.test.context.TestContextManager.prepareTestInstance(TestContextManager.java:246)
	at org.springframework.test.context.junit4.SpringJUnit4ClassRunner.createTest(SpringJUnit4ClassRunner.java:227)
	at org.springframework.test.context.junit4.SpringJUnit4ClassRunner$1.runReflectiveCall(SpringJUnit4ClassRunner.java:289)
	at org.junit.internal.runners.model.ReflectiveCallable.run(ReflectiveCallable.java:12)
	at org.springframework.test.context.junit4.SpringJUnit4ClassRunner.methodBlock(SpringJUnit4ClassRunner.java:291)
	at org.springframework.test.context.junit4.SpringJUnit4ClassRunner.runChild(SpringJUnit4ClassRunner.java:246)
	at org.springframework.test.context.junit4.SpringJUnit4ClassRunner.runChild(SpringJUnit4ClassRunner.java:97)
	at org.junit.runners.ParentRunner$3.run(ParentRunner.java:290)
	at org.junit.runners.ParentRunner$1.schedule(ParentRunner.java:71)
	at org.junit.runners.ParentRunner.runChildren(ParentRunner.java:288)
	at org.junit.runners.ParentRunner.access$000(ParentRunner.java:58)
	at org.junit.runners.ParentRunner$2.evaluate(ParentRunner.java:268)
	at org.springframework.test.context.junit4.statements.RunBeforeTestClassCallbacks.evaluate(RunBeforeTestClassCallbacks.java:61)
	at org.springframework.test.context.junit4.statements.RunAfterTestClassCallbacks.evaluate(RunAfterTestClassCallbacks.java:70)
	at org.junit.runners.ParentRunner.run(ParentRunner.java:363)
	at org.springframework.test.context.junit4.SpringJUnit4ClassRunner.run(SpringJUnit4ClassRunner.java:190)
	at org.apache.maven.surefire.junit4.JUnit4Provider.execute(JUnit4Provider.java:365)
	at org.apache.maven.surefire.junit4.JUnit4Provider.executeWithRerun(JUnit4Provider.java:273)
	at org.apache.maven.surefire.junit4.JUnit4Provider.executeTestSet(JUnit4Provider.java:238)
	at org.apache.maven.surefire.junit4.JUnit4Provider.invoke(JUnit4Provider.java:159)
	at org.apache.maven.surefire.booter.ForkedBooter.invokeProviderInSameClassLoader(ForkedBooter.java:384)
	at org.apache.maven.surefire.booter.ForkedBooter.runSuitesInProcess(ForkedBooter.java:345)
	at org.apache.maven.surefire.booter.ForkedBooter.execute(ForkedBooter.java:126)
	at org.apache.maven.surefire.booter.ForkedBooter.main(ForkedBooter.java:418)
Caused by: java.lang.IllegalStateException: Logback configuration error detected: 
ERROR in ch.qos.logback.core.rolling.RollingFileAppender[DEBUG] - Failed to create parent directories for [/data/logs/debug.log]
ERROR in ch.qos.logback.core.rolling.RollingFileAppender[DEBUG] - openFile(/data/logs/debug.log,true) call failed. java.io.FileNotFoundException: /data/logs/debug.log (No such file or directory)
ERROR in ch.qos.logback.core.rolling.RollingFileAppender[INFO] - Failed to create parent directories for [/data/logs/info.log]
ERROR in ch.qos.logback.core.rolling.RollingFileAppender[INFO] - openFile(/data/logs/info.log,true) call failed. java.io.FileNotFoundException: /data/logs/info.log (No such file or directory)
ERROR in ch.qos.logback.core.rolling.RollingFileAppender[ERROR] - Failed to create parent directories for [/data/logs/error.log]
ERROR in ch.qos.logback.core.rolling.RollingFileAppender[ERROR] - openFile(/data/logs/error.log,true) call failed. java.io.FileNotFoundException: /data/logs/error.log (No such file or directory)
ERROR in ch.qos.logback.core.rolling.RollingFileAppender[perf4jFileAppender] - Failed to create parent directories for [/data/logs/perf4j.log]
ERROR in ch.qos.logback.core.rolling.RollingFileAppender[perf4jFileAppender] - openFile(/data/logs/perf4j.log,true) call failed. java.io.FileNotFoundException: /data/logs/perf4j.log (No such file or directory)
	at org.springframework.boot.logging.logback.LogbackLoggingSystem.loadConfiguration(LogbackLoggingSystem.java:167)
	at org.springframework.boot.logging.logback.LogbackLoggingSystem.reinitialize(LogbackLoggingSystem.java:220)
	at org.springframework.boot.logging.AbstractLoggingSystem.initializeWithConventions(AbstractLoggingSystem.java:73)
	at org.springframework.boot.logging.AbstractLoggingSystem.initialize(AbstractLoggingSystem.java:60)
	at org.springframework.boot.logging.logback.LogbackLoggingSystem.initialize(LogbackLoggingSystem.java:118)
	at org.springframework.boot.context.logging.LoggingApplicationListener.initializeSystem(LoggingApplicationListener.java:289)
	at org.springframework.boot.context.logging.LoggingApplicationListener.initialize(LoggingApplicationListener.java:264)
	at org.springframework.boot.context.logging.LoggingApplicationListener.onApplicationEnvironmentPreparedEvent(LoggingApplicationListener.java:226)
	at org.springframework.boot.context.logging.LoggingApplicationListener.onApplicationEvent(LoggingApplicationListener.java:203)
	at org.springframework.context.event.SimpleApplicationEventMulticaster.doInvokeListener(SimpleApplicationEventMulticaster.java:172)
	at org.springframework.context.event.SimpleApplicationEventMulticaster.invokeListener(SimpleApplicationEventMulticaster.java:165)
	at org.springframework.context.event.SimpleApplicationEventMulticaster.multicastEvent(SimpleApplicationEventMulticaster.java:139)
	at org.springframework.context.event.SimpleApplicationEventMulticaster.multicastEvent(SimpleApplicationEventMulticaster.java:127)
	at org.springframework.boot.context.event.EventPublishingRunListener.environmentPrepared(EventPublishingRunListener.java:76)
	at org.springframework.boot.SpringApplicationRunListeners.environmentPrepared(SpringApplicationRunListeners.java:53)
	at org.springframework.boot.SpringApplication.prepareEnvironment(SpringApplication.java:342)
	at org.springframework.boot.SpringApplication.run(SpringApplication.java:305)
	at org.springframework.boot.test.context.SpringBootContextLoader.loadContext(SpringBootContextLoader.java:120)
	at org.springframework.test.context.cache.DefaultCacheAwareContextLoaderDelegate.loadContextInternal(DefaultCacheAwareContextLoaderDelegate.java:99)
	at org.springframework.test.context.cache.DefaultCacheAwareContextLoaderDelegate.loadContext(DefaultCacheAwareContextLoaderDelegate.java:117)
	... 27 common frames omitted
2020-2月-09 19:54:31.485 ERROR  org.springframework.test.context.TestContextManager - Caught exception while allowing TestExecutionListener [org.springframework.test.context.web.ServletTestExecutionListener@22ffa91a] to prepare test instance [com.ucd.micro.monitor.MonitorApplicationTests@18e7143f]
java.lang.IllegalStateException: Failed to load ApplicationContext
	at org.springframework.test.context.cache.DefaultCacheAwareContextLoaderDelegate.loadContext(DefaultCacheAwareContextLoaderDelegate.java:125)
	at org.springframework.test.context.support.DefaultTestContext.getApplicationContext(DefaultTestContext.java:108)
	at org.springframework.test.context.web.ServletTestExecutionListener.setUpRequestContextIfNecessary(ServletTestExecutionListener.java:190)
	at org.springframework.test.context.web.ServletTestExecutionListener.prepareTestInstance(ServletTestExecutionListener.java:132)
	at org.springframework.test.context.TestContextManager.prepareTestInstance(TestContextManager.java:246)
	at org.springframework.test.context.junit4.SpringJUnit4ClassRunner.createTest(SpringJUnit4ClassRunner.java:227)
	at org.springframework.test.context.junit4.SpringJUnit4ClassRunner$1.runReflectiveCall(SpringJUnit4ClassRunner.java:289)
	at org.junit.internal.runners.model.ReflectiveCallable.run(ReflectiveCallable.java:12)
	at org.springframework.test.context.junit4.SpringJUnit4ClassRunner.methodBlock(SpringJUnit4ClassRunner.java:291)
	at org.springframework.test.context.junit4.SpringJUnit4ClassRunner.runChild(SpringJUnit4ClassRunner.java:246)
	at org.springframework.test.context.junit4.SpringJUnit4ClassRunner.runChild(SpringJUnit4ClassRunner.java:97)
	at org.junit.runners.ParentRunner$3.run(ParentRunner.java:290)
	at org.junit.runners.ParentRunner$1.schedule(ParentRunner.java:71)
	at org.junit.runners.ParentRunner.runChildren(ParentRunner.java:288)
	at org.junit.runners.ParentRunner.access$000(ParentRunner.java:58)
	at org.junit.runners.ParentRunner$2.evaluate(ParentRunner.java:268)
	at org.springframework.test.context.junit4.statements.RunBeforeTestClassCallbacks.evaluate(RunBeforeTestClassCallbacks.java:61)
	at org.springframework.test.context.junit4.statements.RunAfterTestClassCallbacks.evaluate(RunAfterTestClassCallbacks.java:70)
	at org.junit.runners.ParentRunner.run(ParentRunner.java:363)
	at org.springframework.test.context.junit4.SpringJUnit4ClassRunner.run(SpringJUnit4ClassRunner.java:190)
	at org.apache.maven.surefire.junit4.JUnit4Provider.execute(JUnit4Provider.java:365)
	at org.apache.maven.surefire.junit4.JUnit4Provider.executeWithRerun(JUnit4Provider.java:273)
	at org.apache.maven.surefire.junit4.JUnit4Provider.executeTestSet(JUnit4Provider.java:238)
	at org.apache.maven.surefire.junit4.JUnit4Provider.invoke(JUnit4Provider.java:159)
	at org.apache.maven.surefire.booter.ForkedBooter.invokeProviderInSameClassLoader(ForkedBooter.java:384)
	at org.apache.maven.surefire.booter.ForkedBooter.runSuitesInProcess(ForkedBooter.java:345)
	at org.apache.maven.surefire.booter.ForkedBooter.execute(ForkedBooter.java:126)
	at org.apache.maven.surefire.booter.ForkedBooter.main(ForkedBooter.java:418)
Caused by: java.lang.IllegalStateException: Logback configuration error detected: 
ERROR in ch.qos.logback.core.rolling.RollingFileAppender[DEBUG] - Failed to create parent directories for [/data/logs/debug.log]
ERROR in ch.qos.logback.core.rolling.RollingFileAppender[DEBUG] - openFile(/data/logs/debug.log,true) call failed. java.io.FileNotFoundException: /data/logs/debug.log (No such file or directory)
ERROR in ch.qos.logback.core.rolling.RollingFileAppender[INFO] - Failed to create parent directories for [/data/logs/info.log]
ERROR in ch.qos.logback.core.rolling.RollingFileAppender[INFO] - openFile(/data/logs/info.log,true) call failed. java.io.FileNotFoundException: /data/logs/info.log (No such file or directory)
ERROR in ch.qos.logback.core.rolling.RollingFileAppender[ERROR] - Failed to create parent directories for [/data/logs/error.log]
ERROR in ch.qos.logback.core.rolling.RollingFileAppender[ERROR] - openFile(/data/logs/error.log,true) call failed. java.io.FileNotFoundException: /data/logs/error.log (No such file or directory)
ERROR in ch.qos.logback.core.rolling.RollingFileAppender[perf4jFileAppender] - Failed to create parent directories for [/data/logs/perf4j.log]
ERROR in ch.qos.logback.core.rolling.RollingFileAppender[perf4jFileAppender] - openFile(/data/logs/perf4j.log,true) call failed. java.io.FileNotFoundException: /data/logs/perf4j.log (No such file or directory)
	at org.springframework.boot.logging.logback.LogbackLoggingSystem.loadConfiguration(LogbackLoggingSystem.java:167)
	at org.springframework.boot.logging.logback.LogbackLoggingSystem.reinitialize(LogbackLoggingSystem.java:220)
	at org.springframework.boot.logging.AbstractLoggingSystem.initializeWithConventions(AbstractLoggingSystem.java:73)
	at org.springframework.boot.logging.AbstractLoggingSystem.initialize(AbstractLoggingSystem.java:60)
	at org.springframework.boot.logging.logback.LogbackLoggingSystem.initialize(LogbackLoggingSystem.java:118)
	at org.springframework.boot.context.logging.LoggingApplicationListener.initializeSystem(LoggingApplicationListener.java:289)
	at org.springframework.boot.context.logging.LoggingApplicationListener.initialize(LoggingApplicationListener.java:264)
	at org.springframework.boot.context.logging.LoggingApplicationListener.onApplicationEnvironmentPreparedEvent(LoggingApplicationListener.java:226)
	at org.springframework.boot.context.logging.LoggingApplicationListener.onApplicationEvent(LoggingApplicationListener.java:203)
	at org.springframework.context.event.SimpleApplicationEventMulticaster.doInvokeListener(SimpleApplicationEventMulticaster.java:172)
	at org.springframework.context.event.SimpleApplicationEventMulticaster.invokeListener(SimpleApplicationEventMulticaster.java:165)
	at org.springframework.context.event.SimpleApplicationEventMulticaster.multicastEvent(SimpleApplicationEventMulticaster.java:139)
	at org.springframework.context.event.SimpleApplicationEventMulticaster.multicastEvent(SimpleApplicationEventMulticaster.java:127)
	at org.springframework.boot.context.event.EventPublishingRunListener.environmentPrepared(EventPublishingRunListener.java:76)
	at org.springframework.boot.SpringApplicationRunListeners.environmentPrepared(SpringApplicationRunListeners.java:53)
	at org.springframework.boot.SpringApplication.prepareEnvironment(SpringApplication.java:342)
	at org.springframework.boot.SpringApplication.run(SpringApplication.java:305)
	at org.springframework.boot.test.context.SpringBootContextLoader.loadContext(SpringBootContextLoader.java:120)
	at org.springframework.test.context.cache.DefaultCacheAwareContextLoaderDelegate.loadContextInternal(DefaultCacheAwareContextLoaderDelegate.java:99)
	at org.springframework.test.context.cache.DefaultCacheAwareContextLoaderDelegate.loadContext(DefaultCacheAwareContextLoaderDelegate.java:117)
	... 27 common frames omitted
]]></system-out>
  </testcase>
</testsuite>